<?xml version="1.0" encoding="UTF-8"?>
<testng-results skipped="0" failed="0" ignored="0" total="2" passed="2">
  <reporter-output>
  </reporter-output>
  <suite name="Suite" duration-ms="22099" started-at="2021-02-12T03:46:00Z" finished-at="2021-02-12T03:46:22Z">
    <groups>
    </groups>
    <test name="Test" duration-ms="22099" started-at="2021-02-12T03:46:00Z" finished-at="2021-02-12T03:46:22Z">
      <class name="weekone.IndianfrroSignup">
        <test-method status="PASS" signature="FormC()[pri:0, instance:weekone.IndianfrroSignup@282ba1e]" name="FormC" duration-ms="7750" started-at="2021-02-12T03:46:15Z" finished-at="2021-02-12T03:46:22Z">
          <reporter-output>
          </reporter-output>
        </test-method> <!-- FormC -->
      </class> <!-- weekone.IndianfrroSignup -->
      <class name="weekone.FacebookSignup">
        <test-method status="PASS" signature="fb()[pri:0, instance:weekone.FacebookSignup@75412c2f]" name="fb" duration-ms="14310" started-at="2021-02-12T03:46:00Z" finished-at="2021-02-12T03:46:15Z">
          <reporter-output>
          </reporter-output>
        </test-method> <!-- fb -->
      </class> <!-- weekone.FacebookSignup -->
    </test> <!-- Test -->
  </suite> <!-- Suite -->
</testng-results>
